<?xml version="1.0" encoding="UTF-8"?>
<!-- Generated by org.testng.reporters.JUnitReportReporter -->
<testsuite hostname="DESKTOP-AS5R8J4" failures="0" tests="1" name="com.openweathermap.ScheduledData" time="2.677" errors="0" timestamp="2021-05-24T06:30:57 AEST" skipped="0">
  <testcase classname="com.openweathermap.ScheduledData" name="getScheduledData" time="2.677"/>
  <system-out/>
</testsuite> <!-- com.openweathermap.ScheduledData -->
