<?xml version="1.0" encoding="UTF-8"?>
<!-- Generated by org.testng.reporters.JUnitReportReporter -->
<testsuite hostname="DESKTOP-AS5R8J4" failures="0" tests="1" name="com.openweathermap.GetWeatherDetailsFromOpenWeatherMapForCurrentDate" time="2.312" errors="0" timestamp="2021-05-24T08:35:56 AEST" skipped="0">
  <testcase classname="com.openweathermap.GetWeatherDetailsFromOpenWeatherMapForCurrentDate" name="getWeatherDetails" time="2.312"/>
  <system-out/>
</testsuite> <!-- com.openweathermap.GetWeatherDetailsFromOpenWeatherMapForCurrentDate -->
